2024-10-28 22:46:54.771 | INFO     | aiogram.dispatcher.dispatcher:start_polling:358 - Start polling.
2024-10-28 22:52:39.144 | INFO     | aiogram.contrib.middlewares.logging:on_pre_process_callback_query:101 - Received callback query [ID:3293557713807863488] from user [ID:5061808458] for message [ID:336] in chat [private:5061808458] with data: link_change_forward_channel_id originally posted by user [ID:7774045102]
2024-10-28 22:52:39.334 | INFO     | aiogram.contrib.middlewares.logging:on_post_process_callback_query:121 - Unhandled callback query [ID:3293557713807863488] from user [ID:5061808458] for message [ID:336] in chat [private:5061808458] with data: link_change_forward_channel_id originally posted by user [ID:7774045102]
2024-10-28 22:52:39.335 | INFO     | aiogram.contrib.middlewares.logging:on_post_process_update:33 - Process update [ID:728621006]: [success] (in 191 ms)
2024-10-28 22:52:40.401 | INFO     | aiogram.contrib.middlewares.logging:on_pre_process_message:36 - Received message [ID:359] in chat [private:5061808458]
2024-10-28 22:52:40.928 | INFO     | aiogram.contrib.middlewares.logging:on_post_process_update:33 - Process update [ID:728621007]: [success] (in 527 ms)
2024-10-28 22:52:45.839 | INFO     | aiogram.contrib.middlewares.logging:on_pre_process_message:36 - Received message [ID:362] in chat [private:5061808458]
2024-10-28 22:52:45.970 | INFO     | aiogram.contrib.middlewares.logging:on_post_process_update:33 - Process update [ID:728621008]: [success] (in 131 ms)
2024-10-28 22:52:47.508 | INFO     | aiogram.contrib.middlewares.logging:on_pre_process_message:36 - Received message [ID:364] in chat [private:5061808458]
2024-10-28 22:52:47.796 | INFO     | aiogram.contrib.middlewares.logging:on_post_process_update:33 - Process update [ID:728621009]: [success] (in 287 ms)
2024-10-28 22:53:25.308 | INFO     | aiogram.contrib.middlewares.logging:on_pre_process_message:36 - Received message [ID:366] in chat [private:5061808458]
2024-10-28 22:53:25.529 | INFO     | aiogram.contrib.middlewares.logging:on_post_process_update:33 - Process update [ID:728621010]: [success] (in 221 ms)
2024-10-28 22:53:27.036 | INFO     | aiogram.contrib.middlewares.logging:on_pre_process_message:36 - Received message [ID:369] in chat [private:5061808458]
2024-10-28 22:53:27.139 | INFO     | aiogram.contrib.middlewares.logging:on_post_process_update:33 - Process update [ID:728621011]: [success] (in 103 ms)
2024-10-28 22:53:29.821 | INFO     | aiogram.contrib.middlewares.logging:on_pre_process_callback_query:101 - Received callback query [ID:3293557713204455195] from user [ID:5061808458] for message [ID:370] in chat [private:5061808458] with data: link_change_zalets_channel_id originally posted by user [ID:7774045102]
2024-10-28 22:53:30.039 | INFO     | aiogram.contrib.middlewares.logging:on_post_process_callback_query:121 - Unhandled callback query [ID:3293557713204455195] from user [ID:5061808458] for message [ID:370] in chat [private:5061808458] with data: link_change_zalets_channel_id originally posted by user [ID:7774045102]
2024-10-28 22:53:30.390 | INFO     | aiogram.contrib.middlewares.logging:on_post_process_update:33 - Process update [ID:728621012]: [success] (in 569 ms)
2024-10-28 22:53:31.310 | INFO     | aiogram.contrib.middlewares.logging:on_pre_process_message:36 - Received message [ID:372] in chat [private:5061808458]
2024-10-28 22:53:31.518 | INFO     | aiogram.contrib.middlewares.logging:on_post_process_update:33 - Process update [ID:728621013]: [success] (in 208 ms)
2024-10-28 22:54:39.711 | INFO     | aiogram.contrib.middlewares.logging:on_pre_process_message:36 - Received message [ID:375] in chat [private:7178825742]
2024-10-28 22:54:40.704 | INFO     | aiogram.contrib.middlewares.logging:on_post_process_update:33 - Process update [ID:728621014]: [success] (in 993 ms)
2024-10-28 22:54:42.002 | INFO     | aiogram.contrib.middlewares.logging:on_pre_process_message:36 - Received message [ID:378] in chat [private:7178825742]
2024-10-28 22:54:42.350 | INFO     | aiogram.contrib.middlewares.logging:on_post_process_update:33 - Process update [ID:728621015]: [success] (in 348 ms)
2024-10-28 22:54:43.748 | INFO     | aiogram.contrib.middlewares.logging:on_pre_process_callback_query:101 - Received callback query [ID:3162705679060332791] from user [ID:7178825742] for message [ID:379] in chat [private:7178825742] with data: city_38 originally posted by user [ID:7774045102]
2024-10-28 22:54:43.873 | INFO     | aiogram.contrib.middlewares.logging:on_post_process_callback_query:121 - Unhandled callback query [ID:3162705679060332791] from user [ID:7178825742] for message [ID:379] in chat [private:7178825742] with data: city_38 originally posted by user [ID:7774045102]
2024-10-28 22:54:43.874 | INFO     | aiogram.contrib.middlewares.logging:on_post_process_update:33 - Process update [ID:728621016]: [success] (in 126 ms)
2024-10-28 22:54:46.365 | INFO     | aiogram.contrib.middlewares.logging:on_pre_process_callback_query:101 - Received callback query [ID:3162705678187119093] from user [ID:7178825742] for message [ID:379] in chat [private:7178825742] with data: area_138 originally posted by user [ID:7774045102]
2024-10-28 22:54:47.169 | INFO     | aiogram.contrib.middlewares.logging:on_post_process_callback_query:121 - Unhandled callback query [ID:3162705678187119093] from user [ID:7178825742] for message [ID:379] in chat [private:7178825742] with data: area_138 originally posted by user [ID:7774045102]
2024-10-28 22:54:47.170 | INFO     | aiogram.contrib.middlewares.logging:on_post_process_update:33 - Process update [ID:728621017]: [success] (in 805 ms)
2024-10-28 22:54:47.894 | INFO     | aiogram.contrib.middlewares.logging:on_pre_process_callback_query:101 - Received callback query [ID:3162705677867446529] from user [ID:7178825742] for message [ID:379] in chat [private:7178825742] with data: good_8_138 originally posted by user [ID:7774045102]
2024-10-28 22:54:47.974 | INFO     | aiogram.contrib.middlewares.logging:on_post_process_callback_query:121 - Unhandled callback query [ID:3162705677867446529] from user [ID:7178825742] for message [ID:379] in chat [private:7178825742] with data: good_8_138 originally posted by user [ID:7774045102]
2024-10-28 22:54:47.974 | INFO     | aiogram.contrib.middlewares.logging:on_post_process_update:33 - Process update [ID:728621018]: [success] (in 80 ms)
2024-10-28 22:54:49.040 | INFO     | aiogram.contrib.middlewares.logging:on_pre_process_callback_query:101 - Received callback query [ID:3162705678128573051] from user [ID:7178825742] for message [ID:379] in chat [private:7178825742] with data: position_2498 originally posted by user [ID:7774045102]
2024-10-28 22:54:49.132 | INFO     | aiogram.contrib.middlewares.logging:on_post_process_callback_query:121 - Unhandled callback query [ID:3162705678128573051] from user [ID:7178825742] for message [ID:379] in chat [private:7178825742] with data: position_2498 originally posted by user [ID:7774045102]
2024-10-28 22:54:49.132 | INFO     | aiogram.contrib.middlewares.logging:on_post_process_update:33 - Process update [ID:728621019]: [success] (in 93 ms)
2024-10-28 22:54:50.307 | INFO     | aiogram.contrib.middlewares.logging:on_pre_process_callback_query:101 - Received callback query [ID:3162705678245389260] from user [ID:7178825742] for message [ID:379] in chat [private:7178825742] with data: pay_2498 originally posted by user [ID:7774045102]
2024-10-28 22:54:50.429 | INFO     | aiogram.contrib.middlewares.logging:on_post_process_callback_query:121 - Unhandled callback query [ID:3162705678245389260] from user [ID:7178825742] for message [ID:379] in chat [private:7178825742] with data: pay_2498 originally posted by user [ID:7774045102]
2024-10-28 22:54:50.430 | INFO     | aiogram.contrib.middlewares.logging:on_post_process_update:33 - Process update [ID:728621020]: [success] (in 123 ms)
2024-10-28 22:55:06.369 | INFO     | aiogram.contrib.middlewares.logging:on_pre_process_callback_query:101 - Received callback query [ID:3293557715985385663] from user [ID:5061808458] for message [ID:374] in chat [private:5061808458] with data: link_change_forward_channel_id originally posted by user [ID:7774045102]
2024-10-28 22:55:06.467 | INFO     | aiogram.contrib.middlewares.logging:on_post_process_callback_query:121 - Unhandled callback query [ID:3293557715985385663] from user [ID:5061808458] for message [ID:374] in chat [private:5061808458] with data: link_change_forward_channel_id originally posted by user [ID:7774045102]
2024-10-28 22:55:06.467 | INFO     | aiogram.contrib.middlewares.logging:on_post_process_update:33 - Process update [ID:728621021]: [success] (in 98 ms)
2024-10-28 22:55:07.741 | INFO     | aiogram.contrib.middlewares.logging:on_pre_process_message:36 - Received message [ID:382] in chat [private:5061808458]
2024-10-28 22:55:07.943 | INFO     | aiogram.contrib.middlewares.logging:on_post_process_update:33 - Process update [ID:728621022]: [success] (in 202 ms)
2024-10-28 22:55:12.818 | INFO     | aiogram.contrib.middlewares.logging:on_pre_process_message:36 - Received message [ID:385] in chat [private:5061808458]
2024-10-28 22:55:12.927 | INFO     | aiogram.contrib.middlewares.logging:on_post_process_update:33 - Process update [ID:728621023]: [success] (in 109 ms)
2024-10-28 22:55:14.824 | INFO     | aiogram.contrib.middlewares.logging:on_pre_process_message:36 - Received message [ID:387] in chat [private:5061808458]
2024-10-28 22:55:15.083 | INFO     | aiogram.contrib.middlewares.logging:on_post_process_update:33 - Process update [ID:728621024]: [success] (in 259 ms)
